<?xml version="1.0" encoding="UTF-8"?>
<testsuite xmlns:xsi="http://www.w3.org/2001/XMLSchema-instance" xsi:noNamespaceSchemaLocation="https://maven.apache.org/surefire/maven-surefire-plugin/xsd/surefire-test-report-3.0.xsd" version="3.0" name="TestSuite" time="4.899" tests="1" errors="0" skipped="0" failures="1">
  <properties>
[...]
</properties>
  <testcase name="runScenario[&quot;Authorise user is able to Add and Remove a book&quot;, &quot;Optional[End to End Tests for]&quot;](1)" classname="Runners.runner" time="3.54">
    <failure message="Authentication Failed. Content of failed Response: io.restassured.internal.RestAssuredResponseImpl@2ec99035 , Status Code : 302" type="java.lang.RuntimeException"><![CDATA[java.lang.RuntimeException: Authentication Failed. Content of failed Response: io.restassured.internal.RestAssuredResponseImpl@2ec99035 , Status Code : 302
]]></failure>
    <system-out><![CDATA[Env is :null
]]></system-out>
  </testcase>
</testsuite>