<?xml version="1.0" encoding="UTF-8"?>
<testng-results ignored="0" total="1" passed="1" failed="0" skipped="0">
  <reporter-output>
  </reporter-output>
  <suite started-at="2020-10-15T17:12:36Z" name="Suite" finished-at="2020-10-15T17:14:00Z" duration-ms="83793">
    <groups>
      <group name="cucumber">
        <method signature="AbstractTestNGCucumberTests.runScenario(io.cucumber.testng.PickleWrapper, io.cucumber.testng.FeatureWrapper)[pri:0, instance:Runners.runner@bae7dc0]" name="runScenario" class="io.cucumber.testng.AbstractTestNGCucumberTests"/>
      </group> <!-- cucumber -->
    </groups>
    <test started-at="2020-10-15T17:12:36Z" name="class1" finished-at="2020-10-15T17:14:00Z" duration-ms="83793">
      <class name="Runners.runner">
        <test-method is-config="true" signature="setUpClass()[pri:0, instance:Runners.runner@bae7dc0]" started-at="2020-10-15T17:12:36Z" name="setUpClass" finished-at="2020-10-15T17:12:37Z" duration-ms="448" status="PASS">
          <reporter-output>
          </reporter-output>
        </test-method> <!-- setUpClass -->
        <test-method signature="runScenario(io.cucumber.testng.PickleWrapper, io.cucumber.testng.FeatureWrapper)[pri:0, instance:Runners.runner@bae7dc0]" started-at="2020-10-15T17:12:37Z" name="runScenario" description="Runs Cucumber Scenarios" data-provider="scenarios" finished-at="2020-10-15T17:14:00Z" duration-ms="83270" status="PASS">
          <params>
            <param index="0">
              <value>
                <![CDATA["Authorise user is able to Add and Remove a book"]]>
              </value>
            </param>
            <param index="1">
              <value>
                <![CDATA["Optional[End to End Tests for]"]]>
              </value>
            </param>
          </params>
          <reporter-output>
          </reporter-output>
        </test-method> <!-- runScenario -->
        <test-method is-config="true" signature="tearDownClass()[pri:0, instance:Runners.runner@bae7dc0]" started-at="2020-10-15T17:14:00Z" name="tearDownClass" finished-at="2020-10-15T17:14:00Z" duration-ms="21" status="PASS">
          <reporter-output>
          </reporter-output>
        </test-method> <!-- tearDownClass -->
      </class> <!-- Runners.runner -->
    </test> <!-- class1 -->
  </suite> <!-- Suite -->
</testng-results>
